# JRE version: OpenJDK Runtime Environment JBR-17.0.8.1+7-1059.3-nomod (17.0.8.1+7) (build 17.0.8.1+7-b1059.3)
# Java VM: OpenJDK 64-Bit Server VM JBR-17.0.8.1+7-1059.3-nomod (17.0.8.1+7-b1059.3, mixed mode, tiered, compressed oops, compressed class ptrs, g1 gc, windows-amd64)
GC Precious Log:
 CPUs: 8 total, 8 available
 Memory: 8025M
 Large Page Support: Disabled
 NUMA Support: Disabled
 Compressed Oops: Enabled (32-bit)
 Heap Region Size: 1M
 Heap Min Capacity: 8M
 Heap Initial Capacity: 126M
 Heap Max Capacity: 2008M
 Pre-touch: Disabled
 Parallel Workers: 8
 Concurrent Workers: 2
 Concurrent Refinement Workers: 8
 Periodic GC: Disabled
Heap:
 garbage-first heap   total 159744K, used 28652K [0x0000000082800000, 0x0000000100000000)
  region size 1024K, 6 young (6144K), 3 survivors (3072K)
 Metaspace       used 39300K, committed 39552K, reserved 1114112K
  class space    used 4463K, committed 4544K, reserved 1048576K
GC Heap History (20 events):
Event: 2.333 GC heap before
{Heap before GC invocations=2 (full 0):
 garbage-first heap   total 129024K, used 18345K [0x0000000082800000, 0x0000000100000000)
  region size 1024K, 16 young (16384K), 3 survivors (3072K)
 Metaspace       used 21332K, committed 21504K, reserved 1114112K
  class space    used 2380K, committed 2496K, reserved 1048576K
}
Event: 2.339 GC heap after
{Heap after GC invocations=3 (full 0):
 garbage-first heap   total 129024K, used 7200K [0x0000000082800000, 0x0000000100000000)
  region size 1024K, 4 young (4096K), 4 survivors (4096K)
 Metaspace       used 21332K, committed 21504K, reserved 1114112K
  class space    used 2380K, committed 2496K, reserved 1048576K
}
Event: 2.760 GC heap before
{Heap before GC invocations=4 (full 0):
 garbage-first heap   total 30720K, used 21536K [0x0000000082800000, 0x0000000100000000)
  region size 1024K, 18 young (18432K), 4 survivors (4096K)
 Metaspace       used 24380K, committed 24512K, reserved 1114112K
  class space    used 2749K, committed 2816K, reserved 1048576K
}
Event: 2.769 GC heap after
{Heap after GC invocations=5 (full 0):
 garbage-first heap   total 30720K, used 8326K [0x0000000082800000, 0x0000000100000000)
  region size 1024K, 3 young (3072K), 3 survivors (3072K)
 Metaspace       used 24380K, committed 24512K, reserved 1114112K
  class space    used 2749K, committed 2816K, reserved 1048576K
}
Event: 2.789 GC heap before
{Heap before GC invocations=5 (full 0):
 garbage-first heap   total 30720K, used 9350K [0x0000000082800000, 0x0000000100000000)
  region size 1024K, 4 young (4096K), 3 survivors (3072K)
 Metaspace       used 24508K, committed 24640K, reserved 1114112K
  class space    used 2754K, committed 2816K, reserved 1048576K
}
Event: 2.798 GC heap after
{Heap after GC invocations=6 (full 0):
 garbage-first heap   total 30720K, used 8375K [0x0000000082800000, 0x0000000100000000)
  region size 1024K, 1 young (1024K), 1 survivors (1024K)
 Metaspace       used 24508K, committed 24640K, reserved 1114112K
  class space    used 2754K, committed 2816K, reserved 1048576K
}
Event: 3.079 GC heap before
{Heap before GC invocations=6 (full 0):
 garbage-first heap   total 30720K, used 21687K [0x0000000082800000, 0x0000000100000000)
  region size 1024K, 14 young (14336K), 1 survivors (1024K)
 Metaspace       used 25126K, committed 25344K, reserved 1114112K
  class space    used 2816K, committed 2880K, reserved 1048576K
}
Event: 3.083 GC heap after
{Heap after GC invocations=7 (full 0):
 garbage-first heap   total 79872K, used 9107K [0x0000000082800000, 0x0000000100000000)
  region size 1024K, 2 young (2048K), 2 survivors (2048K)
 Metaspace       used 25126K, committed 25344K, reserved 1114112K
  class space    used 2816K, committed 2880K, reserved 1048576K
}
Event: 4.352 GC heap before
{Heap before GC invocations=7 (full 0):
 garbage-first heap   total 79872K, used 54163K [0x0000000082800000, 0x0000000100000000)
  region size 1024K, 46 young (47104K), 2 survivors (2048K)
 Metaspace       used 32540K, committed 32768K, reserved 1114112K
  class space    used 3724K, committed 3840K, reserved 1048576K
}
Event: 4.361 GC heap after
{Heap after GC invocations=8 (full 0):
 garbage-first heap   total 79872K, used 11466K [0x0000000082800000, 0x0000000100000000)
  region size 1024K, 4 young (4096K), 4 survivors (4096K)
 Metaspace       used 32540K, committed 32768K, reserved 1114112K
  class space    used 3724K, committed 3840K, reserved 1048576K
}
Event: 5.024 GC heap before
{Heap before GC invocations=8 (full 0):
 garbage-first heap   total 79872K, used 55498K [0x0000000082800000, 0x0000000100000000)
  region size 1024K, 46 young (47104K), 4 survivors (4096K)
 Metaspace       used 35185K, committed 35520K, reserved 1114112K
  class space    used 3986K, committed 4160K, reserved 1048576K
}
Event: 5.051 GC heap after
{Heap after GC invocations=9 (full 0):
 garbage-first heap   total 79872K, used 21043K [0x0000000082800000, 0x0000000100000000)
  region size 1024K, 6 young (6144K), 6 survivors (6144K)
 Metaspace       used 35185K, committed 35520K, reserved 1114112K
  class space    used 3986K, committed 4160K, reserved 1048576K
}
Event: 5.171 GC heap before
{Heap before GC invocations=9 (full 0):
 garbage-first heap   total 79872K, used 27187K [0x0000000082800000, 0x0000000100000000)
  region size 1024K, 13 young (13312K), 6 survivors (6144K)
 Metaspace       used 35684K, committed 35968K, reserved 1114112K
  class space    used 4051K, committed 4224K, reserved 1048576K
}
Event: 5.183 GC heap after
{Heap after GC invocations=10 (full 0):
 garbage-first heap   total 79872K, used 22988K [0x0000000082800000, 0x0000000100000000)
  region size 1024K, 2 young (2048K), 2 survivors (2048K)
 Metaspace       used 35684K, committed 35968K, reserved 1114112K
  class space    used 4051K, committed 4224K, reserved 1048576K
}
Event: 5.951 GC heap before
{Heap before GC invocations=11 (full 0):
 garbage-first heap   total 79872K, used 57804K [0x0000000082800000, 0x0000000100000000)
  region size 1024K, 36 young (36864K), 2 survivors (2048K)
 Metaspace       used 37486K, committed 37760K, reserved 1114112K
  class space    used 4222K, committed 4352K, reserved 1048576K
}
Event: 5.963 GC heap after
{Heap after GC invocations=12 (full 0):
 garbage-first heap   total 79872K, used 24960K [0x0000000082800000, 0x0000000100000000)
  region size 1024K, 4 young (4096K), 4 survivors (4096K)
 Metaspace       used 37486K, committed 37760K, reserved 1114112K
  class space    used 4222K, committed 4352K, reserved 1048576K
}
Event: 5.974 GC heap before
{Heap before GC invocations=12 (full 0):
 garbage-first heap   total 79872K, used 25984K [0x0000000082800000, 0x0000000100000000)
  region size 1024K, 5 young (5120K), 4 survivors (4096K)
 Metaspace       used 37497K, committed 37760K, reserved 1114112K
  class space    used 4222K, committed 4352K, reserved 1048576K
}
Event: 5.982 GC heap after
{Heap after GC invocations=13 (full 0):
 garbage-first heap   total 79872K, used 25061K [0x0000000082800000, 0x0000000100000000)
  region size 1024K, 1 young (1024K), 1 survivors (1024K)
 Metaspace       used 37497K, committed 37760K, reserved 1114112K
  class space    used 4222K, committed 4352K, reserved 1048576K
}
Event: 6.528 GC heap before
{Heap before GC invocations=13 (full 0):
 garbage-first heap   total 79872K, used 59877K [0x0000000082800000, 0x0000000100000000)
  region size 1024K, 35 young (35840K), 1 survivors (1024K)
 Metaspace       used 38994K, committed 39232K, reserved 1114112K
  class space    used 4427K, committed 4544K, reserved 1048576K
}
Event: 6.533 GC heap after
{Heap after GC invocations=14 (full 0):
 garbage-first heap   total 159744K, used 26604K [0x0000000082800000, 0x0000000100000000)
  region size 1024K, 3 young (3072K), 3 survivors (3072K)
 Metaspace       used 38994K, committed 39232K, reserved 1114112K
  class space    used 4427K, committed 4544K, reserved 1048576K
}

